<?xml version="1.0" encoding="UTF-8"?>
<!-- Generated by org.testng.reporters.JUnitReportReporter -->
<testsuite skipped="0" hostname="LAPTOP-V2OLUBP4" name="com.homedepot.HomeDepotTest" tests="1" failures="0" timestamp="13 Jul 2019 18:44:42 GMT" time="19.065" errors="0">
  <testcase name="homedepot" time="19.065" classname="com.homedepot.HomeDepotTest"/>
</testsuite> <!-- com.homedepot.HomeDepotTest -->
