<?xml version="1.0" encoding="UTF-8"?>
<!-- Generated by org.testng.reporters.JUnitReportReporter -->
<testsuite skipped="0" hostname="LAPTOP-V2OLUBP4" name="com.expedia.ExpidiaTest" tests="1" failures="0" timestamp="13 Jul 2019 18:40:24 GMT" time="127.112" errors="0">
  <testcase name="expedia" time="127.112" classname="com.expedia.ExpidiaTest"/>
</testsuite> <!-- com.expedia.ExpidiaTest -->
